<?xml version="1.0" encoding="UTF-8" ?>
<testsuite errors="0" failures="0" hostname="LAPTOP-NKET2TV6" name="sg.edu.nus.iss.epat.tdd.workshop.ToDoListTest" skipped="0" tests="4" time="0.077" timestamp="2023-08-26T02:22:51">
  <properties>
    <property name="ant.library.dir" value="C:\Users\17929\.p2\pool\plugins\org.apache.ant_1.10.12.v20211102-1452\lib" />
    <property name="env.NUMBER_OF_PROCESSORS" value="12" />
    <property name="java.specification.version" value="17" />
    <property name="env.USERPROFILE" value="C:\Users\17929" />
    <property name="ant.project.name" value="TodoList Workshop Java Sols" />
    <property name="sun.cpu.isalist" value="amd64" />
    <property name="sun.jnu.encoding" value="UTF-8" />
    <property name="env.NVM_HOME" value="D:\nvm\nvm" />
    <property name="sun.arch.data.model" value="64" />
    <property name="debuglevel" value="source,lines,vars" />
    <property name="env.FPS_BROWSER_APP_PROFILE_STRING" value="Internet Explorer" />
    <property name="java.vendor.url" value="https://adoptium.net/" />
    <property name="env.CommonProgramW6432" value="C:\Program Files\Common Files" />
    <property name="user.country.format" value="US" />
    <property name="env.OS" value="Windows_NT" />
    <property name="sun.boot.library.path" value="C:\Users\17929\.p2\pool\plugins\org.eclipse.justj.openjdk.hotspot.jre.full.win32.x86_64_17.0.8.v20230801-1951\jre\bin" />
    <property name="sun.java.command" value="org.apache.tools.ant.taskdefs.optional.junit.JUnitTestRunner sg.edu.nus.iss.epat.tdd.workshop.ToDoListTest skipNonTests=false filtertrace=true haltOnError=false haltOnFailure=false formatter=org.apache.tools.ant.taskdefs.optional.junit.OutErrSummaryJUnitResultFormatter showoutput=false outputtoformatters=true logfailedtests=true threadid=0 logtestlistenerevents=false formatter=org.apache.tools.ant.taskdefs.optional.junit.XMLJUnitResultFormatter,C:\Users\17929\Desktop\Agile\TodoList Workshop Java Sols\junit\TEST-sg.edu.nus.iss.epat.tdd.workshop.ToDoListTest.xml crashfile=C:\Users\17929\Desktop\Agile\TodoList Workshop Java Sols\junitvmwatcher14902229532840269909.properties propsfile=C:\Users\17929\Desktop\Agile\TodoList Workshop Java Sols\junit7965178240313294727.properties" />
    <property name="jdk.debug" value="release" />
    <property name="env.ComSpec" value="C:\WINDOWS\system32\cmd.exe" />
    <property name="java.specification.vendor" value="Oracle Corporation" />
    <property name="java.version.date" value="2023-07-18" />
    <property name="env.JAVA_HOME" value="D:\JDK8\jdk1.8.0_351" />
    <property name="java.home" value="C:\Users\17929\.p2\pool\plugins\org.eclipse.justj.openjdk.hotspot.jre.full.win32.x86_64_17.0.8.v20230801-1951\jre" />
    <property name="basedir" value="C:\Users\17929\Desktop\Agile\TodoList Workshop Java Sols" />
    <property name="env.ProgramFiles" value="C:\Program Files" />
    <property name="file.separator" value="\" />
    <property name="java.vm.compressedOopsMode" value="Zero based" />
    <property name="line.separator" value="&#xd;&#xa;" />
    <property name="env.PROMPT" value="$P$G" />
    <property name="java.specification.name" value="Java Platform API Specification" />
    <property name="java.vm.specification.vendor" value="Oracle Corporation" />
    <property name="env.LOCALAPPDATA" value="C:\Users\17929\AppData\Local" />
    <property name="env.USERDOMAIN_ROAMINGPROFILE" value="LAPTOP-NKET2TV6" />
    <property name="env.PROCESSOR_REVISION" value="a600" />
    <property name="user.script" value="" />
    <property name="env.PSModulePath" value="C:\Program Files\WindowsPowerShell\Modules;C:\WINDOWS\system32\WindowsPowerShell\v1.0\Modules" />
    <property name="sun.management.compiler" value="HotSpot 64-Bit Tiered Compilers" />
    <property name="env.PROCESSOR_IDENTIFIER" value="Intel64 Family 6 Model 166 Stepping 0, GenuineIntel" />
    <property name="java.runtime.version" value="17.0.8+7" />
    <property name="user.name" value="17929" />
    <property name="env.DriverData" value="C:\Windows\System32\Drivers\DriverData" />
    <property name="env.ProgramW6432" value="C:\Program Files" />
    <property name="env.CommonProgramFiles" value="C:\Program Files\Common Files" />
    <property name="env.PUBLIC" value="C:\Users\Public" />
    <property name="file.encoding" value="UTF-8" />
    <property name="java.vendor.version" value="Temurin-17.0.8+7" />
    <property name="env.COMPUTERNAME" value="LAPTOP-NKET2TV6" />
    <property name="env.HOMEPATH" value="\Users\17929" />
    <property name="env.APPDATA" value="C:\Users\17929\AppData\Roaming" />
    <property name="env.SystemDrive" value="C:" />
    <property name="env.ProgramData" value="C:\ProgramData" />
    <property name="java.io.tmpdir" value="C:\Users\17929\AppData\Local\Temp\" />
    <property name="java.version" value="17.0.8" />
    <property name="env.Path" value="C:/Users/17929/.p2/pool/plugins/org.eclipse.justj.openjdk.hotspot.jre.full.win32.x86_64_17.0.8.v20230801-1951/jre/bin/server;C:/Users/17929/.p2/pool/plugins/org.eclipse.justj.openjdk.hotspot.jre.full.win32.x86_64_17.0.8.v20230801-1951/jre/bin;C:\Program Files\PlasticSCM5\server;C:\Program Files\PlasticSCM5\client;C:\Program Files (x86)\Common Files\Oracle\Java\javapath;C:\Windows\system32;C:\Windows;C:\Windows\System32\Wbem;C:\Windows\System32\WindowsPowerShell\v1.0\;C:\Windows\System32\OpenSSH\;C:\Program Files (x86)\NVIDIA Corporation\PhysX\Common;C:\WINDOWS\system32;C:\WINDOWS;C:\WINDOWS\System32\Wbem;C:\WINDOWS\System32\WindowsPowerShell\v1.0\;C:\WINDOWS\System32\OpenSSH\;C:\Program Files\Microsoft SQL Server\130\Tools\Binn\;D:\Apache\mySql\MySQL Server 5.6\bin;C:\ProgramData\chocolatey\bin;D:\nodejs\node_global\node_modules;C:\Users\17929\AppData\Local\Android\Sdk\platform-tools;C:\Users\17929\AppData\Local\Android\Sdk\tools;D:\JDK8\jdk1.8.0_351\bin;D:\JDK8\jdk1.8.0_351\jre\bin\;D:\pms\gradle\gradle-7.4\bin;D:\nvm\nvm;D:\nodejs;C:\Program Files\dotnet\;D:\github\Git\cmd;C:\Users\17929\AppData\Local\Microsoft\WindowsApps;D:\Microsoft VS Code\bin;D:\nodejs\node_global;D:\nvm\nvm;D:\nodejs;C:\Users\17929\AppData\Local\GitHubDesktop\bin;C:\Users\17929\Desktop;" />
    <property name="env.PROCESSOR_LEVEL" value="6" />
    <property name="env.HOMEDRIVE" value="C:" />
    <property name="env.TMP" value="C:\Users\17929\AppData\Local\Temp" />
    <property name="java.vm.specification.name" value="Java Virtual Machine Specification" />
    <property name="env.ANDROID_HOME" value="C:\Users\17929\AppData\Local\Android\Sdk" />
    <property name="ant.home" value="C:\Users\17929\.p2\pool\plugins\org.apache.ant_1.10.12.v20211102-1452" />
    <property name="sun.os.patch.level" value="" />
    <property name="junit.output.dir" value="junit" />
    <property name="native.encoding" value="UTF-8" />
    <property name="ant.version" value="Apache Ant(TM) version 1.10.12 compiled on October 13 2021" />
    <property name="java.library.path" value="C:\Users\17929\.p2\pool\plugins\org.eclipse.justj.openjdk.hotspot.jre.full.win32.x86_64_17.0.8.v20230801-1951\jre\bin;C:\WINDOWS\Sun\Java\bin;C:\WINDOWS\system32;C:\WINDOWS;C:/Users/17929/.p2/pool/plugins/org.eclipse.justj.openjdk.hotspot.jre.full.win32.x86_64_17.0.8.v20230801-1951/jre/bin/server;C:/Users/17929/.p2/pool/plugins/org.eclipse.justj.openjdk.hotspot.jre.full.win32.x86_64_17.0.8.v20230801-1951/jre/bin;C:\Program Files\PlasticSCM5\server;C:\Program Files\PlasticSCM5\client;C:\Program Files (x86)\Common Files\Oracle\Java\javapath;C:\Windows\system32;C:\Windows;C:\Windows\System32\Wbem;C:\Windows\System32\WindowsPowerShell\v1.0\;C:\Windows\System32\OpenSSH\;C:\Program Files (x86)\NVIDIA Corporation\PhysX\Common;C:\WINDOWS\system32;C:\WINDOWS;C:\WINDOWS\System32\Wbem;C:\WINDOWS\System32\WindowsPowerShell\v1.0\;C:\WINDOWS\System32\OpenSSH\;C:\Program Files\Microsoft SQL Server\130\Tools\Binn\;D:\Apache\mySql\MySQL Server 5.6\bin;C:\ProgramData\chocolatey\bin;D:\nodejs\node_global\node_modules;C:\Users\17929\AppData\Local\Android\Sdk\platform-tools;C:\Users\17929\AppData\Local\Android\Sdk\tools;D:\JDK8\jdk1.8.0_351\bin;D:\JDK8\jdk1.8.0_351\jre\bin\;D:\pms\gradle\gradle-7.4\bin;D:\nvm\nvm;D:\nodejs;C:\Program Files\dotnet\;D:\github\Git\cmd;C:\Users\17929\AppData\Local\Microsoft\WindowsApps;D:\Microsoft VS Code\bin;D:\nodejs\node_global;D:\nvm\nvm;D:\nodejs;C:\Users\17929\AppData\Local\GitHubDesktop\bin;C:\Users\17929\Desktop;;." />
    <property name="java.vendor" value="Eclipse Adoptium" />
    <property name="env.NVM_SYMLINK" value="D:\nodejs" />
    <property name="env.LOGONSERVER" value="\\LAPTOP-NKET2TV6" />
    <property name="sun.io.unicode.encoding" value="UnicodeLittle" />
    <property name="env.ChocolateyInstall" value="C:\ProgramData\chocolatey" />
    <property name="java.class.path" value="C:\Users\17929\Desktop\Agile\TodoList Workshop Java Sols\bin;C:\Users\17929\Desktop\Agile\TodoList Workshop Java Sols\lib\org.junit_4.13.2.v20211018-1956.jar;C:\Users\17929\Desktop\Agile\TodoList Workshop Java Sols\lib\org.hamcrest.core_1.3.0.v20180420-1519.jar;C:\Users\17929\Desktop\Agile\TodoList Workshop Java Sols;D:\JDK8\jdk1.8.0_351\lib;D:\JDK8\jdk1.8.0_351\lib\tools.jar;C:\Users\17929\.p2\pool\plugins\org.apache.ant_1.10.12.v20211102-1452\lib\ant-launcher.jar;C:\Users\17929\.p2\pool\plugins\org.apache.ant_1.10.12.v20211102-1452\lib\ant.jar;C:\Users\17929\.p2\pool\plugins\org.apache.ant_1.10.12.v20211102-1452\lib\ant-junit.jar;C:\Users\17929\.p2\pool\plugins\org.apache.ant_1.10.12.v20211102-1452\lib\ant-junit4.jar" />
    <property name="source" value="1.8" />
    <property name="env.ChocolateyLastPathUpdate" value="133081603546111209" />
    <property name="java.vm.vendor" value="Eclipse Adoptium" />
    <property name="env.PROCESSOR_ARCHITECTURE" value="AMD64" />
    <property name="env.CLASSPATH" value=".;D:\JDK8\jdk1.8.0_351\lib\;D:\JDK8\jdk1.8.0_351\lib\tools.jar;" />
    <property name="env.GRADLE_HOME" value="D:\pms\gradle\gradle-7.4" />
    <property name="user.variant" value="" />
    <property name="env.SystemRoot" value="C:\WINDOWS" />
    <property name="java.vm.specification.version" value="17" />
    <property name="os.name" value="Windows 10" />
    <property name="sun.java.launcher" value="SUN_STANDARD" />
    <property name="user.country" value="CN" />
    <property name="env.USERDOMAIN" value="LAPTOP-NKET2TV6" />
    <property name="sun.cpu.endian" value="little" />
    <property name="user.home" value="C:\Users\17929" />
    <property name="user.language" value="zh" />
    <property name="env.ALLUSERSPROFILE" value="C:\ProgramData" />
    <property name="ant.java.version" value="17" />
    <property name="env.SESSIONNAME" value="Console" />
    <property name="env.ANDROID_SDK_ROOT" value="C:\Users\17929\AppData\Local\Android\Sdk" />
    <property name="env.ANT_HOME" value="C:\Users\17929\.p2\pool\plugins\org.apache.ant_1.10.12.v20211102-1452" />
    <property name="ant.file.type.TodoList Workshop Java Sols" value="file" />
    <property name="env.NODE_PATH" value="D:\nodejs\node_global\node_modules" />
    <property name="ant.file.TodoList Workshop Java Sols" value="C:\Users\17929\Desktop\Agile\TodoList Workshop Java Sols\build.xml" />
    <property name="env.windir" value="C:\WINDOWS" />
    <property name="java.security.manager" value="allow" />
    <property name="ant.file" value="C:\Users\17929\Desktop\Agile\TodoList Workshop Java Sols\build.xml" />
    <property name="path.separator" value=";" />
    <property name="os.version" value="10.0" />
    <property name="java.runtime.name" value="OpenJDK Runtime Environment" />
    <property name="env.CommonProgramFiles(x86)" value="C:\Program Files (x86)\Common Files" />
    <property name="env.PATHEXT" value=".COM;.EXE;.BAT;.CMD;.VBS;.VBE;.JS;.JSE;.WSF;.WSH;.MSC" />
    <property name="ant.project.invoked-targets" value="build" />
    <property name="java.vm.name" value="OpenJDK 64-Bit Server VM" />
    <property name="ant.core.lib" value="C:\Users\17929\.p2\pool\plugins\org.apache.ant_1.10.12.v20211102-1452\lib\ant.jar" />
    <property name="java.vendor.url.bug" value="https://github.com/adoptium/adoptium-support/issues" />
    <property name="user.dir" value="C:\Users\17929\Desktop\Agile\TodoList Workshop Java Sols" />
    <property name="env.USERNAME" value="17929" />
    <property name="os.arch" value="amd64" />
    <property name="user.language.format" value="en" />
    <property name="target" value="1.8" />
    <property name="env.ProgramFiles(x86)" value="C:\Program Files (x86)" />
    <property name="java.vm.info" value="mixed mode" />
    <property name="java.vm.version" value="17.0.8+7" />
    <property name="env.FPS_BROWSER_USER_PROFILE_STRING" value="Default" />
    <property name="env.TEMP" value="C:\Users\17929\AppData\Local\Temp" />
    <property name="java.class.version" value="61.0" />
    <property name="env.OneDrive" value="C:\Users\17929\OneDrive" />
    <property name="ant.project.default-target" value="build" />
  </properties>
  <testcase classname="sg.edu.nus.iss.epat.tdd.workshop.ToDoListTest" name="testAddTask" time="0.003" />
  <testcase classname="sg.edu.nus.iss.epat.tdd.workshop.ToDoListTest" name="testGetCompletedTasks" time="0.0" />
  <testcase classname="sg.edu.nus.iss.epat.tdd.workshop.ToDoListTest" name="testRemoveTask" time="0.0" />
  <testcase classname="sg.edu.nus.iss.epat.tdd.workshop.ToDoListTest" name="testGetStatus" time="0.0" />
  <system-out><![CDATA[]]></system-out>
  <system-err><![CDATA[]]></system-err>
</testsuite>
